\BOOKMARK [2][]{Outline0.1}{\376\377\004\037\004\100\004\076\004\063\004\100\004\060\004\074\004\074\004\060\000\040\004\072\004\103\004\100\004\101\004\060}{}% 1
\BOOKMARK [2][]{Outline0.2}{\376\377\004\042\004\100\004\070\000\040\004\074\004\076\004\064\004\065\004\073\004\070\000\040\004\077\004\076\004\102\004\100\004\065\004\061\004\070\004\102\004\065\004\073\004\117}{}% 2
\BOOKMARK [2][]{Outline0.3}{\376\377\004\037\004\076\004\073\004\065\004\067\004\075\004\076\004\101\004\102\004\114}{}% 3
\BOOKMARK [2][]{Outline0.4}{\376\377\004\037\004\100\004\065\004\064\004\077\004\076\004\107\004\102\004\065\004\075\004\070\004\117}{}% 4
\BOOKMARK [2][]{Outline0.5}{\376\377\004\022\004\113\004\061\004\076\004\100}{}% 5
\BOOKMARK [2][]{Outline0.6}{\376\377\004\037\004\076\004\102\004\100\004\065\004\075\004\070\004\100\004\103\004\065\004\074\004\101\004\117\000\040\004\062\000\040\004\074\004\076\004\064\004\065\004\073\004\070\004\100\004\076\004\062\004\060\004\075\004\070\004\070}{}% 6
\BOOKMARK [2][]{Outline0.7}{\376\377\004\032\004\073\004\060\004\101\004\101\004\070\004\107\004\065\004\101\004\072\004\060\004\117\000\040\004\074\004\076\004\064\004\065\004\073\004\114}{}% 7
\BOOKMARK [2][]{Outline0.8}{\376\377\004\041\004\062\004\076\004\071\004\101\004\102\004\062\004\060\000\040\004\077\004\076\004\073\004\065\004\067\004\075\004\076\004\101\004\102\004\070}{}% 8
\BOOKMARK [2][]{Outline0.9}{\376\377\004\032\004\100\004\070\004\102\004\070\004\072\004\060\000\040\004\072\004\073\004\060\004\101\004\101\004\070\004\107\004\065\004\101\004\072\004\076\004\071\000\040\004\074\004\076\004\064\004\065\004\073\004\070}{}% 9
\BOOKMARK [2][]{Outline0.10}{\376\377\004\037\004\100\004\065\004\064\004\077\004\076\004\107\004\102\004\065\004\075\004\070\004\117}{}% 10
\BOOKMARK [2][]{Outline0.11}{\376\377\004\041\004\062\004\076\004\071\004\101\004\102\004\062\004\060\000\040\004\077\004\100\004\065\004\064\004\077\004\076\004\107\004\102\004\065\004\075\004\070\004\071}{}% 11
\BOOKMARK [2][]{Outline0.12}{\376\377\004\037\004\100\004\117\004\074\004\060\004\117\000\040\004\101\004\062\004\117\004\067\004\114}{}% 12
\BOOKMARK [2][]{Outline0.13}{\376\377\004\036\004\061\004\100\004\060\004\102\004\075\004\060\004\117\000\040\004\101\004\062\004\117\004\067\004\114}{}% 13
\BOOKMARK [2][]{Outline0.14}{\376\377\004\022\004\113\004\061\004\076\004\100}{}% 14
\BOOKMARK [2][]{Outline0.15}{\376\377\004\037\004\065\004\100\004\065\004\064\000\040\004\102\004\065\004\074\000\040\004\072\004\060\004\072\000\040\004\103\004\071\004\102\004\070\000\040\004\075\004\060\000\040\004\077\004\065\004\100\004\065\004\100\004\113\004\062}{}% 15
\BOOKMARK [2][]{Outline0.16}{\376\377\004\032\004\076\004\075\004\065\004\106\000\040\004\077\004\065\004\100\004\062\004\076\004\071\000\040\004\107\004\060\004\101\004\102\004\070\000\040\004\073\004\065\004\072\004\106\004\070\004\070}{}% 16
\BOOKMARK [2][]{Outline0.17}{\376\377\004\035\004\060\004\107\004\060\004\073\004\060\000\040\004\076\004\077\004\102\004\070\004\074\004\070\004\067\004\060\004\106\004\070\004\070}{}% 17
\BOOKMARK [2][]{Outline0.18}{\376\377\004\041\004\103\004\111\004\065\004\101\004\102\004\062\004\076\004\062\004\060\004\075\004\070\004\065}{}% 18
\BOOKMARK [2][]{Outline0.19}{\376\377\004\024\004\070\004\104\004\104\004\065\004\100\004\065\004\075\004\106\004\070\004\060\004\073\004\114\004\075\004\113\004\071\000\040\004\060\004\075\004\060\004\073\004\070\004\067}{}% 19
\BOOKMARK [2][]{Outline0.20}{\376\377\004\022\004\113\004\077\004\103\004\072\004\073\004\076\004\101\004\102\004\114}{}% 20
\BOOKMARK [2][]{Outline0.21}{\376\377\004\023\004\065\004\076\004\074\004\065\004\102\004\100\004\070\004\107\004\065\004\101\004\072\004\070\004\071\000\040\004\060\004\075\004\060\004\073\004\070\004\067}{}% 21
\BOOKMARK [2][]{Outline0.22}{\376\377\004\033\004\076\004\072\004\060\004\073\004\114\004\075\004\060\004\117\000\040\004\075\004\065\004\075\004\060\004\101\004\113\004\111\004\060\004\065\004\074\004\076\004\101\004\102\004\114}{}% 22
\BOOKMARK [2][]{Outline0.23}{\376\377\004\037\004\100\004\070\004\074\004\065\004\100\004\113\000\040\004\077\004\076\004\073\004\065\004\067\004\075\004\076\004\101\004\102\004\065\004\071}{}% 23
\BOOKMARK [2][]{Outline0.24}{\376\377\004\034\004\065\004\102\004\076\004\064\000\040\004\077\004\100\004\070\004\101\004\102\004\060\004\073\004\114\004\075\004\076\004\063\004\076\000\040\004\062\004\067\004\063\004\073\004\117\004\064\004\060}{}% 24
\BOOKMARK [2][]{Outline0.25}{\376\377\004\032\004\076\004\075\004\065\004\106\000\040\004\062\004\102\004\076\004\100\004\076\004\071\000\040\004\107\004\060\004\101\004\102\004\070\000\040\004\073\004\065\004\072\004\106\004\070\004\070}{}% 25
