\BOOKMARK [2][]{Outline0.1}{\376\377\004\032\004\062\004\070\004\067}{}% 1
\BOOKMARK [2][]{Outline0.2}{\376\377\004\037\004\073\004\060\004\075}{}% 2
\BOOKMARK [2][]{Outline0.3}{\376\377\004\021\004\116\004\064\004\066\004\065\004\102\004\075\004\076\004\065\000\040\004\076\004\063\004\100\004\060\004\075\004\070\004\107\004\065\004\075\004\070\004\065}{}% 3
\BOOKMARK [2][]{Outline0.4}{\376\377\004\034\004\065\004\102\004\076\004\064\000\040\004\033\004\060\004\063\004\100\004\060\004\075\004\066\004\060}{}% 4
\BOOKMARK [2][]{Outline0.5}{\376\377\004\022\004\113\004\077\004\103\004\072\004\073\004\060\004\117\000\040\004\070\004\075\004\102\004\065\004\100\004\077\004\100\004\065\004\102\004\060\004\106\004\070\004\117\000\040\004\034\004\034\004\033}{}% 5
\BOOKMARK [2][]{Outline0.6}{\376\377\004\035\004\065\004\062\004\113\004\077\004\103\004\072\004\073\004\060\004\117\000\040\004\070\004\075\004\102\004\065\004\100\004\077\004\100\004\065\004\102\004\060\004\106\004\070\004\117\000\040\004\034\004\034\004\033}{}% 6
\BOOKMARK [2][]{Outline0.7}{\376\377\004\023\004\065\004\076\004\074\004\065\004\102\004\100\004\070\004\107\004\065\004\101\004\072\004\060\004\117\000\040\004\070\004\075\004\102\004\065\004\100\004\077\004\100\004\065\004\102\004\060\004\106\004\070\004\117\000\040\004\034\004\034\004\033}{}% 7
\BOOKMARK [2][]{Outline0.8}{\376\377\004\043\004\063\004\073\004\076\004\062\004\113\004\065\000\040\004\100\004\065\004\110\004\065\004\075\004\070\004\117}{}% 8
\BOOKMARK [2][]{Outline0.9}{\376\377\004\027\004\075\004\060\004\107\004\065\004\075\004\070\004\065\000\040\004\033\004\060\004\063\004\100\004\060\004\075\004\066\004\070\004\060\004\075\004\060\000\040\004\062\000\040\004\076\004\077\004\102\004\070\004\074\004\103\004\074\004\065}{}% 9
\BOOKMARK [2][]{Outline0.10}{\376\377\004\030\004\075\004\102\004\065\004\100\004\077\004\100\004\065\004\102\004\060\004\106\004\070\004\117\000\040}{}% 10
\BOOKMARK [2][]{Outline0.11}{\376\377\004\037\004\065\004\100\004\065\004\100\004\113\004\062\000\040\0001\0005\000\040\004\074\004\070\004\075\004\103\004\102}{}% 11
\BOOKMARK [2][]{Outline0.12}{\376\377\004\032\004\100\004\070\004\062\004\113\004\065\000\040\004\101\004\077\004\100\004\076\004\101\004\060}{}% 12
\BOOKMARK [2][]{Outline0.13}{\376\377\004\035\004\076\004\100\004\074\004\060\004\073\004\114\004\075\004\113\004\065\000\040\004\070\000\040\004\070\004\075\004\104\004\065\004\100\004\070\004\076\004\100\004\075\004\113\004\065\000\040\004\102\004\076\004\062\004\060\004\100\004\113}{}% 13
\BOOKMARK [2][]{Outline0.14}{\376\377\004\041\004\103\004\061\004\101\004\102\004\070\004\102\004\103\004\102\004\113\000\040\004\070\000\040\004\072\004\076\004\074\004\077\004\073\004\065\004\074\004\065\004\075\004\102\004\113}{}% 14
\BOOKMARK [2][]{Outline0.15}{\376\377\004\042\004\076\004\062\004\060\004\100\004\113\000\040\004\022\004\065\004\061\004\073\004\065\004\075\004\060\000\040\004\070\000\040\004\023\004\070\004\104\004\104\004\065\004\075\004\060}{}% 15
\BOOKMARK [2][]{Outline0.16}{\376\377\004\032\004\076\004\101\004\062\004\065\004\075\004\075\004\060\004\117\000\040\004\077\004\076\004\073\004\065\004\067\004\075\004\076\004\101\004\102\004\114}{}% 16
\BOOKMARK [2][]{Outline0.17}{\376\377\004\035\004\065\004\077\004\100\004\065\004\100\004\113\004\062\004\075\004\076\004\101\004\102\004\114\000\040\004\101\004\077\004\100\004\076\004\101\004\060}{}% 17
\BOOKMARK [2][]{Outline0.18}{\376\377\004\032\004\076\004\061\004\061\000-\004\024\004\103\004\063\004\073\004\060\004\101}{}% 18
\BOOKMARK [2][]{Outline0.19}{\376\377\004\033\004\065\004\076\004\075\004\102\004\114\004\065\004\062}{}% 19
\BOOKMARK [2][]{Outline0.20}{\376\377\004\033\004\070\004\075\004\065\004\071\004\075\004\060\004\117}{}% 20
\BOOKMARK [2][]{Outline0.21}{\376\377\004\032\004\062\004\060\004\067\004\070\000-\004\073\004\070\004\075\004\065\004\071\004\075\004\060\004\117\000\040\004\077\004\076\004\073\004\065\004\067\004\075\004\076\004\101\004\102\004\114\000\040\004\075\004\060\000\040\004\101\004\073\004\065\004\064\004\103\004\116\004\111\004\065\004\071\000\040\004\073\004\065\004\072\004\106\004\070\004\070}{}% 21
\BOOKMARK [2][]{Outline0.22}{\376\377\000C\000E\000S\000\040\004\077\004\076\004\073\004\065\004\067\004\075\004\076\004\101\004\102\004\114\000\040\004\075\004\060\000\040\004\101\004\073\004\065\004\064\004\103\004\116\004\111\004\065\004\071\000\040\004\073\004\065\004\072\004\106\004\070\004\070}{}% 22
\BOOKMARK [2][]{Outline0.23}{\376\377\004\032\004\076\004\075\004\065\004\106}{}% 23
